/*C3*/SET SCHEMA PUBLIC
INSERT INTO ANALYTIC VALUES(1013,'chat',NULL,'2020-03-06',17,'Talabat')
COMMIT
INSERT INTO ANALYTIC VALUES(1014,'chat',NULL,'2020-03-06',17,'guest')
COMMIT
INSERT INTO ANALYTIC VALUES(1015,'chat',NULL,'2020-03-06',17,'guest')
COMMIT
INSERT INTO ANALYTIC VALUES(1016,'chat',NULL,'2020-03-06',17,'guest')
COMMIT
INSERT INTO ANALYTIC VALUES(1017,'chat',NULL,'2020-03-06',17,'Talabat')
COMMIT
/*C4*/SET SCHEMA PUBLIC
INSERT INTO ANALYTIC VALUES(1018,'chat',NULL,'2020-03-06',17,'Talabat')
COMMIT
/*C3*/INSERT INTO ANALYTIC VALUES(1019,'chat',NULL,'2020-03-06',17,'Talabat')
COMMIT
INSERT INTO ANALYTIC VALUES(1020,'chat',NULL,'2020-03-06',17,'guest')
COMMIT
INSERT INTO ANALYTIC VALUES(1021,'chat',NULL,'2020-03-06',17,'guest')
COMMIT
INSERT INTO ANALYTIC VALUES(1022,'chat',NULL,'2020-03-06',17,'guest')
COMMIT
INSERT INTO ANALYTIC VALUES(1023,'chat',NULL,'2020-03-06',17,'Talabat')
COMMIT
/*C4*/INSERT INTO ANALYTIC VALUES(1024,'chat',NULL,'2020-03-06',17,'Talabat')
COMMIT
/*C3*/INSERT INTO ANALYTIC VALUES(1025,'chat',NULL,'2020-03-06',17,'Talabat')
COMMIT
INSERT INTO ADVERT VALUES(2,1,'Teeqo','tqw.png',1,'Y')
COMMIT
